<?xml version="1.0" encoding="UTF-8"?>
<testsuite name="ru.netology.qa.MyActivityTest" tests="2" skipped="0" failures="0" errors="0" timestamp="2022-12-22T12:34:26" hostname="DESKTOP-TTNN5NV" time="20.249">
  <properties/>
  <testcase name="emptyFieldTest()" classname="ru.netology.qa.MyActivityTest" time="9.041"/>
  <testcase name="anotherActivityTest()" classname="ru.netology.qa.MyActivityTest" time="11.208"/>
  <system-out><![CDATA[]]></system-out>
  <system-err><![CDATA[дек. 22, 2022 7:34:33 PM io.appium.java_client.remote.AppiumCommandExecutor$1 lambda$0
INFO: Detected dialect: W3C
дек. 22, 2022 7:34:41 PM io.appium.java_client.remote.AppiumCommandExecutor$1 lambda$0
INFO: Detected dialect: W3C
]]></system-err>
</testsuite>
